<?xml version="1.0" encoding="UTF-8"?>
<testng-results ignored="0" total="1" passed="1" failed="0" skipped="0">
  <reporter-output>
  </reporter-output>
  <suite started-at="2023-12-16T12:20:03Z" name="Suite" finished-at="2023-12-16T12:50:50Z" duration-ms="1847444">
    <groups>
    </groups>
    <test started-at="2023-12-16T12:20:03Z" name="Test" finished-at="2023-12-16T12:50:50Z" duration-ms="1847444">
      <class name="testcases.mytheresa.BitGoTest1">
        <test-method signature="bitGoStep1()[pri:0, instance:testcases.mytheresa.BitGoTest1@28975c28]" started-at="2023-12-16T12:20:03Z" name="bitGoStep1" finished-at="2023-12-16T12:50:45Z" duration-ms="1841841" status="PASS">
          <reporter-output>
          </reporter-output>
        </test-method> <!-- bitGoStep1 -->
      </class> <!-- testcases.mytheresa.BitGoTest1 -->
    </test> <!-- Test -->
  </suite> <!-- Suite -->
</testng-results>
